<?xml version="1.0" encoding="UTF-8"?>
<coverage generated="1742346405061" clover="3.2.0">
  <project timestamp="1742346405062" name="All files">
    <metrics statements="11" coveredstatements="11" conditionals="10" coveredconditionals="10" methods="4" coveredmethods="4" elements="25" coveredelements="25" complexity="0" loc="11" ncloc="11" packages="1" files="2" classes="2"/>
    <file name="soma.js" path="C:\Users\colac\OneDrive\Área de Trabalho\João Victor\Paginas_de_sites\fixguardian_test2\src\test\soma.js">
      <metrics statements="2" coveredstatements="2" conditionals="0" coveredconditionals="0" methods="1" coveredmethods="1"/>
      <line num="2" count="3" type="stmt"/>
      <line num="4" count="1" type="stmt"/>
    </file>
    <file name="valida.js" path="C:\Users\colac\OneDrive\Área de Trabalho\João Victor\Paginas_de_sites\fixguardian_test2\src\test\valida.js">
      <metrics statements="9" coveredstatements="9" conditionals="10" coveredconditionals="10" methods="3" coveredmethods="3"/>
      <line num="2" count="4" type="cond" truecount="5" falsecount="0"/>
      <line num="3" count="3" type="stmt"/>
      <line num="5" count="1" type="stmt"/>
      <line num="8" count="5" type="stmt"/>
      <line num="9" count="5" type="stmt"/>
      <line num="12" count="5" type="cond" truecount="5" falsecount="0"/>
      <line num="13" count="4" type="stmt"/>
      <line num="15" count="1" type="stmt"/>
      <line num="17" count="1" type="stmt"/>
    </file>
  </project>
</coverage>
