{"C:\\Users\\colac\\OneDrive\\Área de Trabalho\\João Victor\\Paginas_de_sites\\fixguardian_test2\\src\\test\\soma.js": {"path":"C:\\Users\\colac\\OneDrive\\Área de Trabalho\\João Victor\\Paginas_de_sites\\fixguardian_test2\\src\\test\\soma.js","statementMap":{"0":{"start":{"line":2,"column":4},"end":{"line":2,"column":17}},"1":{"start":{"line":4,"column":0},"end":{"line":4,"column":22}}},"fnMap":{"0":{"name":"soma","decl":{"start":{"line":1,"column":9},"end":{"line":1,"column":13}},"loc":{"start":{"line":1,"column":20},"end":{"line":3,"column":1}},"line":1}},"branchMap":{},"s":{"0":3,"1":1},"f":{"0":3},"b":{},"_coverageSchema":"1a1c01bbd47fc00a2c39e90264f33305004495a9","hash":"d119e94f2e2fdff6422029403e86e24490daa8ba"}
,"C:\\Users\\colac\\OneDrive\\Área de Trabalho\\João Victor\\Paginas_de_sites\\fixguardian_test2\\src\\test\\valida.js": {"path":"C:\\Users\\colac\\OneDrive\\Área de Trabalho\\João Victor\\Paginas_de_sites\\fixguardian_test2\\src\\test\\valida.js","statementMap":{"0":{"start":{"line":2,"column":4},"end":{"line":4,"column":5}},"1":{"start":{"line":3,"column":8},"end":{"line":3,"column":21}},"2":{"start":{"line":5,"column":4},"end":{"line":5,"column":16}},"3":{"start":{"line":8,"column":18},"end":{"line":8,"column":45}},"4":{"start":{"line":9,"column":4},"end":{"line":9,"column":29}},"5":{"start":{"line":12,"column":4},"end":{"line":14,"column":5}},"6":{"start":{"line":13,"column":8},"end":{"line":13,"column":21}},"7":{"start":{"line":15,"column":4},"end":{"line":15,"column":16}},"8":{"start":{"line":17,"column":0},"end":{"line":17,"column":46}}},"fnMap":{"0":{"name":"vaNome","decl":{"start":{"line":1,"column":9},"end":{"line":1,"column":15}},"loc":{"start":{"line":1,"column":22},"end":{"line":6,"column":1}},"line":1},"1":{"name":"vaEmail","decl":{"start":{"line":7,"column":9},"end":{"line":7,"column":16}},"loc":{"start":{"line":7,"column":24},"end":{"line":10,"column":1}},"line":7},"2":{"name":"vaIdade","decl":{"start":{"line":11,"column":9},"end":{"line":11,"column":16}},"loc":{"start":{"line":11,"column":24},"end":{"line":16,"column":1}},"line":11}},"branchMap":{"0":{"loc":{"start":{"line":2,"column":4},"end":{"line":4,"column":5}},"type":"if","locations":[{"start":{"line":2,"column":4},"end":{"line":4,"column":5}},{"start":{},"end":{}}],"line":2},"1":{"loc":{"start":{"line":2,"column":8},"end":{"line":2,"column":67}},"type":"binary-expr","locations":[{"start":{"line":2,"column":8},"end":{"line":2,"column":13}},{"start":{"line":2,"column":17},"end":{"line":2,"column":41}},{"start":{"line":2,"column":45},"end":{"line":2,"column":67}}],"line":2},"2":{"loc":{"start":{"line":12,"column":4},"end":{"line":14,"column":5}},"type":"if","locations":[{"start":{"line":12,"column":4},"end":{"line":14,"column":5}},{"start":{},"end":{}}],"line":12},"3":{"loc":{"start":{"line":12,"column":8},"end":{"line":12,"column":62}},"type":"binary-expr","locations":[{"start":{"line":12,"column":8},"end":{"line":12,"column":33}},{"start":{"line":12,"column":37},"end":{"line":12,"column":47}},{"start":{"line":12,"column":51},"end":{"line":12,"column":62}}],"line":12}},"s":{"0":4,"1":3,"2":1,"3":5,"4":5,"5":5,"6":4,"7":1,"8":1},"f":{"0":4,"1":5,"2":5},"b":{"0":[3,1],"1":[4,3,2],"2":[4,1],"3":[5,3,2]},"_coverageSchema":"1a1c01bbd47fc00a2c39e90264f33305004495a9","hash":"9405ab24367cf1d3bd70d0ba7b35f340b8a9592d"}
}
